{"uuid":"02b24c00-c309-419d-8f9f-193a05704c81","historyId":"3b4de35bf7e62bd41cb9ecb5661a3059","fullName":"Test Array page: The user is able to navigate to all options in array page","labels":[{"name":"tag","value":"ArrayTest"},{"name":"host","value":"DESKTOP-89HMT6O"},{"name":"thread","value":"15764@DESKTOP-89HMT6O.main(1)"},{"name":"feature","value":"Test Array page"},{"name":"story","value":"The user is able to navigate to all options in array page"},{"name":"suite","value":"Test Array page"},{"name":"testClass","value":"The user is able to navigate to all options in array page"},{"name":"framework","value":"cucumber4jvm"},{"name":"language","value":"java"},{"name":"gherkin_uri","value":"file:///C:/Users/Viru/Desktop/Projects/Z_DS-Algo_BDD_change/src/test/resources/Features/FArrayPage.feature"},{"name":"package","value":"src.test.resources.Features.FArrayPage_feature.Test Array page"}],"links":[],"name":"The user is able to navigate to all options in array page","status":"failed","statusDetails":{"known":false,"muted":false,"flaky":false,"message":"expected [true] but found [false]","trace":"java.lang.AssertionError: expected [true] but found [false]\r\n\tat org.testng.Assert.fail(Assert.java:111)\r\n\tat org.testng.Assert.failNotEquals(Assert.java:1578)\r\n\tat org.testng.Assert.assertTrue(Assert.java:57)\r\n\tat org.testng.Assert.assertTrue(Assert.java:67)\r\n\tat dsAlgo_StepDefinition.HStackPage_SD.the_user_in_page(HStackPage_SD.java:71)\r\n\tat ✽.The user in \"Arrays in Python\" page(file:///C:/Users/Viru/Desktop/Projects/Z_DS-Algo_BDD_change/src/test/resources/Features/FArrayPage.feature:8)\r\n"},"stage":"finished","steps":[{"name":"Given  The user is on the \"Array\" after logged in","status":"passed","statusDetails":{"known":false,"muted":false,"flaky":false},"stage":"finished","steps":[],"attachments":[],"parameters":[],"start":1688956398976,"stop":1688956400109},{"name":"When  The user clicks \"Arrays in Python\" button","status":"passed","statusDetails":{"known":false,"muted":false,"flaky":false},"stage":"finished","steps":[],"attachments":[],"parameters":[],"start":1688956400116,"stop":1688956400659},{"name":"Then  The user in \"Arrays in Python\" page","status":"failed","statusDetails":{"known":false,"muted":false,"flaky":false,"message":"expected [true] but found [false]","trace":"java.lang.AssertionError: expected [true] but found [false]\r\n\tat org.testng.Assert.fail(Assert.java:111)\r\n\tat org.testng.Assert.failNotEquals(Assert.java:1578)\r\n\tat org.testng.Assert.assertTrue(Assert.java:57)\r\n\tat org.testng.Assert.assertTrue(Assert.java:67)\r\n\tat dsAlgo_StepDefinition.HStackPage_SD.the_user_in_page(HStackPage_SD.java:71)\r\n\tat ✽.The user in \"Arrays in Python\" page(file:///C:/Users/Viru/Desktop/Projects/Z_DS-Algo_BDD_change/src/test/resources/Features/FArrayPage.feature:8)\r\n"},"stage":"finished","steps":[],"attachments":[],"parameters":[],"start":1688956400660,"stop":1688956400766}],"attachments":[],"parameters":[{"name":"options","value":"Arrays in Python"}],"start":1688956398975,"stop":1688956400950}