{"uuid":"6a361295-b8f4-489f-950e-89210c8220a2","historyId":"98274e6e8b0565e97e3621f0896a5fcf","fullName":"Test Stack Page: The user is able to navigate to all options in stack page","labels":[{"name":"tag","value":"StackTest"},{"name":"host","value":"DESKTOP-89HMT6O"},{"name":"thread","value":"15484@DESKTOP-89HMT6O.main(1)"},{"name":"feature","value":"Test Stack Page"},{"name":"story","value":"The user is able to navigate to all options in stack page"},{"name":"suite","value":"Test Stack Page"},{"name":"testClass","value":"The user is able to navigate to all options in stack page"},{"name":"framework","value":"cucumber4jvm"},{"name":"language","value":"java"},{"name":"gherkin_uri","value":"file:///C:/Users/Viru/Desktop/Projects/Z_DS-Algo_BDD_change/src/test/resources/Features/HStackPage.feature"},{"name":"package","value":"src.test.resources.Features.HStackPage_feature.Test Stack Page"}],"links":[],"name":"The user is able to navigate to all options in stack page","status":"failed","statusDetails":{"known":false,"muted":false,"flaky":false,"message":"expected [true] but found [false]","trace":"java.lang.AssertionError: expected [true] but found [false]\r\n\tat org.testng.Assert.fail(Assert.java:111)\r\n\tat org.testng.Assert.failNotEquals(Assert.java:1578)\r\n\tat org.testng.Assert.assertTrue(Assert.java:57)\r\n\tat org.testng.Assert.assertTrue(Assert.java:67)\r\n\tat dsAlgo_StepDefinition.HStackPage_SD.the_user_in_page(HStackPage_SD.java:71)\r\n\tat ✽.The user in \"tryEditor\" page(file:///C:/Users/Viru/Desktop/Projects/Z_DS-Algo_BDD_change/src/test/resources/Features/HStackPage.feature:18)\r\n"},"stage":"finished","steps":[{"name":"Given  The user is on the \"Stack\" page after logged in","status":"passed","statusDetails":{"known":false,"muted":false,"flaky":false},"stage":"finished","steps":[],"attachments":[],"parameters":[],"start":1688959857816,"stop":1688959858357},{"name":"When  The user clicks \"Applications\" button in stack page","status":"passed","statusDetails":{"known":false,"muted":false,"flaky":false},"stage":"finished","steps":[],"attachments":[],"parameters":[],"start":1688959858357,"stop":1688959858641},{"name":"And  The user clicks tryEditor with a Run button to test on stack page","status":"passed","statusDetails":{"known":false,"muted":false,"flaky":false},"stage":"finished","steps":[],"attachments":[],"parameters":[],"start":1688959858643,"stop":1688959858860},{"name":"Then  The user in \"tryEditor\" page","status":"failed","statusDetails":{"known":false,"muted":false,"flaky":false,"message":"expected [true] but found [false]","trace":"java.lang.AssertionError: expected [true] but found [false]\r\n\tat org.testng.Assert.fail(Assert.java:111)\r\n\tat org.testng.Assert.failNotEquals(Assert.java:1578)\r\n\tat org.testng.Assert.assertTrue(Assert.java:57)\r\n\tat org.testng.Assert.assertTrue(Assert.java:67)\r\n\tat dsAlgo_StepDefinition.HStackPage_SD.the_user_in_page(HStackPage_SD.java:71)\r\n\tat ✽.The user in \"tryEditor\" page(file:///C:/Users/Viru/Desktop/Projects/Z_DS-Algo_BDD_change/src/test/resources/Features/HStackPage.feature:18)\r\n"},"stage":"finished","steps":[],"attachments":[],"parameters":[],"start":1688959858863,"stop":1688959858880}],"attachments":[],"parameters":[{"name":"options","value":"Applications"}],"start":1688959857816,"stop":1688959859064}