{"uuid":"765a5432-9165-453e-8712-8a54e3f200f5","historyId":"674f6353b88f79b20a1ec29dfda502c7","fullName":"Test Stack Page: The user is able to navigate to all options in stack page","labels":[{"name":"tag","value":"StackTest"},{"name":"host","value":"DESKTOP-89HMT6O"},{"name":"thread","value":"21764@DESKTOP-89HMT6O.main(1)"},{"name":"feature","value":"Test Stack Page"},{"name":"story","value":"The user is able to navigate to all options in stack page"},{"name":"suite","value":"Test Stack Page"},{"name":"testClass","value":"The user is able to navigate to all options in stack page"},{"name":"framework","value":"cucumber4jvm"},{"name":"language","value":"java"},{"name":"gherkin_uri","value":"file:///C:/Users/Viru/Desktop/Projects/Z_DS-Algo_BDD_change/src/test/resources/Features/HStackPage.feature"},{"name":"package","value":"src.test.resources.Features.HStackPage_feature.Test Stack Page"}],"links":[],"name":"The user is able to navigate to all options in stack page","status":"failed","statusDetails":{"known":false,"muted":false,"flaky":false,"message":"expected [true] but found [false]","trace":"java.lang.AssertionError: expected [true] but found [false]\r\n\tat org.testng.Assert.fail(Assert.java:111)\r\n\tat org.testng.Assert.failNotEquals(Assert.java:1578)\r\n\tat org.testng.Assert.assertTrue(Assert.java:57)\r\n\tat org.testng.Assert.assertTrue(Assert.java:67)\r\n\tat dsAlgo_StepDefinition.HStackPage_SD.the_user_in_page(HStackPage_SD.java:71)\r\n\tat ✽.The user in \"Implementation\" page(file:///C:/Users/Viru/Desktop/Projects/Z_DS-Algo_BDD_change/src/test/resources/Features/HStackPage.feature:7)\r\n"},"stage":"finished","steps":[{"name":"Given  The user is on the \"Stack\" page after logged in","status":"passed","statusDetails":{"known":false,"muted":false,"flaky":false},"stage":"finished","steps":[],"attachments":[],"parameters":[],"start":1688957901995,"stop":1688957903565},{"name":"When  The user clicks \"Implementation\" button in stack page","status":"passed","statusDetails":{"known":false,"muted":false,"flaky":false},"stage":"finished","steps":[],"attachments":[],"parameters":[],"start":1688957903566,"stop":1688957904115},{"name":"Then  The user in \"Implementation\" page","status":"failed","statusDetails":{"known":false,"muted":false,"flaky":false,"message":"expected [true] but found [false]","trace":"java.lang.AssertionError: expected [true] but found [false]\r\n\tat org.testng.Assert.fail(Assert.java:111)\r\n\tat org.testng.Assert.failNotEquals(Assert.java:1578)\r\n\tat org.testng.Assert.assertTrue(Assert.java:57)\r\n\tat org.testng.Assert.assertTrue(Assert.java:67)\r\n\tat dsAlgo_StepDefinition.HStackPage_SD.the_user_in_page(HStackPage_SD.java:71)\r\n\tat ✽.The user in \"Implementation\" page(file:///C:/Users/Viru/Desktop/Projects/Z_DS-Algo_BDD_change/src/test/resources/Features/HStackPage.feature:7)\r\n"},"stage":"finished","steps":[],"attachments":[],"parameters":[],"start":1688957904120,"stop":1688957904133}],"attachments":[],"parameters":[{"name":"options","value":"Implementation"}],"start":1688957901995,"stop":1688957904383}