{"uuid":"8567bc91-d68e-4b1f-b2cc-92f850c1536e","historyId":"b5ac95a4ddc017278d959634c8649e66","fullName":"Test Stack Page: The user is able to navigate to all options in stack page","labels":[{"name":"tag","value":"StackTest"},{"name":"host","value":"DESKTOP-89HMT6O"},{"name":"thread","value":"15484@DESKTOP-89HMT6O.main(1)"},{"name":"feature","value":"Test Stack Page"},{"name":"story","value":"The user is able to navigate to all options in stack page"},{"name":"suite","value":"Test Stack Page"},{"name":"testClass","value":"The user is able to navigate to all options in stack page"},{"name":"framework","value":"cucumber4jvm"},{"name":"language","value":"java"},{"name":"gherkin_uri","value":"file:///C:/Users/Viru/Desktop/Projects/Z_DS-Algo_BDD_change/src/test/resources/Features/HStackPage.feature"},{"name":"package","value":"src.test.resources.Features.HStackPage_feature.Test Stack Page"}],"links":[],"name":"The user is able to navigate to all options in stack page","status":"failed","statusDetails":{"known":false,"muted":false,"flaky":false,"message":"expected [true] but found [false]","trace":"java.lang.AssertionError: expected [true] but found [false]\r\n\tat org.testng.Assert.fail(Assert.java:111)\r\n\tat org.testng.Assert.failNotEquals(Assert.java:1578)\r\n\tat org.testng.Assert.assertTrue(Assert.java:57)\r\n\tat org.testng.Assert.assertTrue(Assert.java:67)\r\n\tat dsAlgo_StepDefinition.HStackPage_SD.the_user_in_page(HStackPage_SD.java:71)\r\n\tat ✽.The user in \"tryEditor\" page(file:///C:/Users/Viru/Desktop/Projects/Z_DS-Algo_BDD_change/src/test/resources/Features/HStackPage.feature:18)\r\n"},"stage":"finished","steps":[{"name":"Given  The user is on the \"Stack\" page after logged in","status":"passed","statusDetails":{"known":false,"muted":false,"flaky":false},"stage":"finished","steps":[],"attachments":[],"parameters":[],"start":1688959856643,"stop":1688959857007},{"name":"When  The user clicks \"Implementation\" button in stack page","status":"passed","statusDetails":{"known":false,"muted":false,"flaky":false},"stage":"finished","steps":[],"attachments":[],"parameters":[],"start":1688959857008,"stop":1688959857345},{"name":"And  The user clicks tryEditor with a Run button to test on stack page","status":"passed","statusDetails":{"known":false,"muted":false,"flaky":false},"stage":"finished","steps":[],"attachments":[],"parameters":[],"start":1688959857347,"stop":1688959857632},{"name":"Then  The user in \"tryEditor\" page","status":"failed","statusDetails":{"known":false,"muted":false,"flaky":false,"message":"expected [true] but found [false]","trace":"java.lang.AssertionError: expected [true] but found [false]\r\n\tat org.testng.Assert.fail(Assert.java:111)\r\n\tat org.testng.Assert.failNotEquals(Assert.java:1578)\r\n\tat org.testng.Assert.assertTrue(Assert.java:57)\r\n\tat org.testng.Assert.assertTrue(Assert.java:67)\r\n\tat dsAlgo_StepDefinition.HStackPage_SD.the_user_in_page(HStackPage_SD.java:71)\r\n\tat ✽.The user in \"tryEditor\" page(file:///C:/Users/Viru/Desktop/Projects/Z_DS-Algo_BDD_change/src/test/resources/Features/HStackPage.feature:18)\r\n"},"stage":"finished","steps":[],"attachments":[],"parameters":[],"start":1688959857634,"stop":1688959857660}],"attachments":[],"parameters":[{"name":"options","value":"Implementation"}],"start":1688959856643,"stop":1688959857799}