{"uuid":"87e53bfe-d7b0-4164-9410-515ff690f3ef","historyId":"cd79b63ee3c04325b350354b2d4f00c7","fullName":"Test DataStructure  page: The user is able run code in tryEditor","labels":[{"name":"tag","value":"DataStructureTest"},{"name":"tag","value":"Tag"},{"name":"host","value":"DESKTOP-89HMT6O"},{"name":"thread","value":"19240@DESKTOP-89HMT6O.main(1)"},{"name":"feature","value":"Test DataStructure  page"},{"name":"story","value":"The user is able run code in tryEditor"},{"name":"suite","value":"Test DataStructure  page"},{"name":"testClass","value":"The user is able run code in tryEditor"},{"name":"framework","value":"cucumber4jvm"},{"name":"language","value":"java"},{"name":"gherkin_uri","value":"file:///C:/Users/Viru/Desktop/Projects/Z_DS-Algo_BDD_change/src/test/resources/Features/EDataStructurePage.feature"},{"name":"package","value":"src.test.resources.Features.EDataStructurePage_feature.Test DataStructure  page"}],"links":[],"name":"The user is able run code in tryEditor","status":"broken","statusDetails":{"known":false,"muted":false,"flaky":false,"message":"Unable to find element with locator By.xpath: //a[text()='Try here>>>']\nFor documentation on this error, please visit: https://selenium.dev/exceptions/#no_such_element\nBuild info: version: '4.9.1', revision: 'eb2032df7f'\nSystem info: os.name: 'Windows 11', os.arch: 'amd64', os.version: '10.0', java.version: '17.0.7'\nDriver info: driver.version: RemoteWebDriver","trace":"org.openqa.selenium.NoSuchElementException: Unable to find element with locator By.xpath: //a[text()='Try here>>>']\nFor documentation on this error, please visit: https://selenium.dev/exceptions/#no_such_element\nBuild info: version: '4.9.1', revision: 'eb2032df7f'\nSystem info: os.name: 'Windows 11', os.arch: 'amd64', os.version: '10.0', java.version: '17.0.7'\nDriver info: driver.version: RemoteWebDriver\r\n\tat org.openqa.selenium.remote.ElementLocation$ElementFinder$2.findElement(ElementLocation.java:165)\r\n\tat org.openqa.selenium.remote.ElementLocation.findElement(ElementLocation.java:60)\r\n\tat org.openqa.selenium.remote.RemoteWebDriver.findElement(RemoteWebDriver.java:352)\r\n\tat org.openqa.selenium.remote.RemoteWebDriver.findElement(RemoteWebDriver.java:344)\r\n\tat org.openqa.selenium.support.pagefactory.DefaultElementLocator.findElement(DefaultElementLocator.java:70)\r\n\tat org.openqa.selenium.support.pagefactory.internal.LocatingElementHandler.invoke(LocatingElementHandler.java:39)\r\n\tat jdk.proxy2/jdk.proxy2.$Proxy44.click(Unknown Source)\r\n\tat dsAlgo_PageObject.FArrayPage.tryedit_click(FArrayPage.java:51)\r\n\tat dsAlgo_StepDefinition.FArrayPage_SD.the_user_is_in_a_page_having_an_try_editor_with_a_run_button_to_test(FArrayPage_SD.java:53)\r\n\tat ✽.The user is in a \"Time Complexity\" page having an tryEditor with a Run button to test(file:///C:/Users/Viru/Desktop/Projects/Z_DS-Algo_BDD_change/src/test/resources/Features/EDataStructurePage.feature:30)\r\n"},"stage":"finished","steps":[{"name":"And  User is on Login page","status":"passed","statusDetails":{"known":false,"muted":false,"flaky":false},"stage":"finished","steps":[],"attachments":[],"parameters":[],"start":1688607649194,"stop":1688607649678},{"name":"When  User enters valid username \"Numpy@sdet116_1\" and password \"pass_123\"","status":"passed","statusDetails":{"known":false,"muted":false,"flaky":false},"stage":"finished","steps":[],"attachments":[],"parameters":[],"start":1688607649707,"stop":1688607650028},{"name":"And  User clicks on login button","status":"passed","statusDetails":{"known":false,"muted":false,"flaky":false},"stage":"finished","steps":[],"attachments":[],"parameters":[],"start":1688607650033,"stop":1688607650551},{"name":"Given  The user is in a \"Time Complexity\" page having an tryEditor with a Run button to test","status":"broken","statusDetails":{"known":false,"muted":false,"flaky":false,"message":"Unable to find element with locator By.xpath: //a[text()='Try here>>>']\nFor documentation on this error, please visit: https://selenium.dev/exceptions/#no_such_element\nBuild info: version: '4.9.1', revision: 'eb2032df7f'\nSystem info: os.name: 'Windows 11', os.arch: 'amd64', os.version: '10.0', java.version: '17.0.7'\nDriver info: driver.version: RemoteWebDriver","trace":"org.openqa.selenium.NoSuchElementException: Unable to find element with locator By.xpath: //a[text()='Try here>>>']\nFor documentation on this error, please visit: https://selenium.dev/exceptions/#no_such_element\nBuild info: version: '4.9.1', revision: 'eb2032df7f'\nSystem info: os.name: 'Windows 11', os.arch: 'amd64', os.version: '10.0', java.version: '17.0.7'\nDriver info: driver.version: RemoteWebDriver\r\n\tat org.openqa.selenium.remote.ElementLocation$ElementFinder$2.findElement(ElementLocation.java:165)\r\n\tat org.openqa.selenium.remote.ElementLocation.findElement(ElementLocation.java:60)\r\n\tat org.openqa.selenium.remote.RemoteWebDriver.findElement(RemoteWebDriver.java:352)\r\n\tat org.openqa.selenium.remote.RemoteWebDriver.findElement(RemoteWebDriver.java:344)\r\n\tat org.openqa.selenium.support.pagefactory.DefaultElementLocator.findElement(DefaultElementLocator.java:70)\r\n\tat org.openqa.selenium.support.pagefactory.internal.LocatingElementHandler.invoke(LocatingElementHandler.java:39)\r\n\tat jdk.proxy2/jdk.proxy2.$Proxy44.click(Unknown Source)\r\n\tat dsAlgo_PageObject.FArrayPage.tryedit_click(FArrayPage.java:51)\r\n\tat dsAlgo_StepDefinition.FArrayPage_SD.the_user_is_in_a_page_having_an_try_editor_with_a_run_button_to_test(FArrayPage_SD.java:53)\r\n\tat ✽.The user is in a \"Time Complexity\" page having an tryEditor with a Run button to test(file:///C:/Users/Viru/Desktop/Projects/Z_DS-Algo_BDD_change/src/test/resources/Features/EDataStructurePage.feature:30)\r\n"},"stage":"finished","steps":[],"attachments":[],"parameters":[],"start":1688607650554,"stop":1688607655553},{"name":"When  The user enter python DS code with invalid syntax in tryEditor from sheet \"array\" and 1","status":"skipped","statusDetails":{"known":false,"muted":false,"flaky":false},"stage":"finished","steps":[],"attachments":[],"parameters":[],"start":1688607655626,"stop":1688607655630},{"name":"And  The user clicks on run button for DS","status":"skipped","statusDetails":{"known":false,"muted":false,"flaky":false},"stage":"finished","steps":[],"attachments":[],"parameters":[],"start":1688607655641,"stop":1688607655646},{"name":"Then  The user should be presented with error message for DS","status":"skipped","statusDetails":{"known":false,"muted":false,"flaky":false},"stage":"finished","steps":[],"attachments":[],"parameters":[],"start":1688607655658,"stop":1688607655659}],"attachments":[],"parameters":[{"name":"options","value":"Time Complexity"},{"name":"Sheetname","value":"array"},{"name":"RowNumber","value":"1"}],"start":1688607649186,"stop":1688607655673}