{"uuid":"940a6f7d-d8c9-48f1-809f-5b5354a5dd81","historyId":"be0449ea4ac0bc6cfae53cdfb74c3c43","fullName":"Test Array page: The user is able to navigate to all options in stack page","labels":[{"name":"tag","value":"ArrayTest"},{"name":"host","value":"DESKTOP-89HMT6O"},{"name":"thread","value":"15484@DESKTOP-89HMT6O.main(1)"},{"name":"feature","value":"Test Array page"},{"name":"story","value":"The user is able to navigate to all options in stack page"},{"name":"suite","value":"Test Array page"},{"name":"testClass","value":"The user is able to navigate to all options in stack page"},{"name":"framework","value":"cucumber4jvm"},{"name":"language","value":"java"},{"name":"gherkin_uri","value":"file:///C:/Users/Viru/Desktop/Projects/Z_DS-Algo_BDD_change/src/test/resources/Features/FArrayPage.feature"},{"name":"package","value":"src.test.resources.Features.FArrayPage_feature.Test Array page"}],"links":[],"name":"The user is able to navigate to all options in stack page","status":"failed","statusDetails":{"known":false,"muted":false,"flaky":false,"message":"expected [true] but found [false]","trace":"java.lang.AssertionError: expected [true] but found [false]\r\n\tat org.testng.Assert.fail(Assert.java:111)\r\n\tat org.testng.Assert.failNotEquals(Assert.java:1578)\r\n\tat org.testng.Assert.assertTrue(Assert.java:57)\r\n\tat org.testng.Assert.assertTrue(Assert.java:67)\r\n\tat dsAlgo_StepDefinition.HStackPage_SD.the_user_in_page(HStackPage_SD.java:71)\r\n\tat ✽.The user in \"tryEditor\" page(file:///C:/Users/Viru/Desktop/Projects/Z_DS-Algo_BDD_change/src/test/resources/Features/FArrayPage.feature:20)\r\n"},"stage":"finished","steps":[{"name":"Given  The user is on the \"Array\" after logged in","status":"passed","statusDetails":{"known":false,"muted":false,"flaky":false},"stage":"finished","steps":[],"attachments":[],"parameters":[],"start":1688959746045,"stop":1688959746644},{"name":"When  The user clicks \"Arrays in Python\" button","status":"passed","statusDetails":{"known":false,"muted":false,"flaky":false},"stage":"finished","steps":[],"attachments":[],"parameters":[],"start":1688959746645,"stop":1688959747221},{"name":"And  The user clicks tryEditor with a Run button to test on Arraypage","status":"passed","statusDetails":{"known":false,"muted":false,"flaky":false},"stage":"finished","steps":[],"attachments":[],"parameters":[],"start":1688959747223,"stop":1688959747854},{"name":"Then  The user in \"tryEditor\" page","status":"failed","statusDetails":{"known":false,"muted":false,"flaky":false,"message":"expected [true] but found [false]","trace":"java.lang.AssertionError: expected [true] but found [false]\r\n\tat org.testng.Assert.fail(Assert.java:111)\r\n\tat org.testng.Assert.failNotEquals(Assert.java:1578)\r\n\tat org.testng.Assert.assertTrue(Assert.java:57)\r\n\tat org.testng.Assert.assertTrue(Assert.java:67)\r\n\tat dsAlgo_StepDefinition.HStackPage_SD.the_user_in_page(HStackPage_SD.java:71)\r\n\tat ✽.The user in \"tryEditor\" page(file:///C:/Users/Viru/Desktop/Projects/Z_DS-Algo_BDD_change/src/test/resources/Features/FArrayPage.feature:20)\r\n"},"stage":"finished","steps":[],"attachments":[],"parameters":[],"start":1688959747857,"stop":1688959748183}],"attachments":[],"parameters":[{"name":"options","value":"Arrays in Python"}],"start":1688959746044,"stop":1688959748403}