{"uuid":"ad42211b-c742-4302-ae1d-1fd753f19456","historyId":"f91d91a95b3f96ffcd37c5577d4e8382","fullName":"Test Array page: The user is able to navigate to all options in stack page","labels":[{"name":"tag","value":"ArrayTest"},{"name":"host","value":"DESKTOP-89HMT6O"},{"name":"thread","value":"15484@DESKTOP-89HMT6O.main(1)"},{"name":"feature","value":"Test Array page"},{"name":"story","value":"The user is able to navigate to all options in stack page"},{"name":"suite","value":"Test Array page"},{"name":"testClass","value":"The user is able to navigate to all options in stack page"},{"name":"framework","value":"cucumber4jvm"},{"name":"language","value":"java"},{"name":"gherkin_uri","value":"file:///C:/Users/Viru/Desktop/Projects/Z_DS-Algo_BDD_change/src/test/resources/Features/FArrayPage.feature"},{"name":"package","value":"src.test.resources.Features.FArrayPage_feature.Test Array page"}],"links":[],"name":"The user is able to navigate to all options in stack page","status":"failed","statusDetails":{"known":false,"muted":false,"flaky":false,"message":"expected [true] but found [false]","trace":"java.lang.AssertionError: expected [true] but found [false]\r\n\tat org.testng.Assert.fail(Assert.java:111)\r\n\tat org.testng.Assert.failNotEquals(Assert.java:1578)\r\n\tat org.testng.Assert.assertTrue(Assert.java:57)\r\n\tat org.testng.Assert.assertTrue(Assert.java:67)\r\n\tat dsAlgo_StepDefinition.HStackPage_SD.the_user_in_page(HStackPage_SD.java:71)\r\n\tat ✽.The user in \"tryEditor\" page(file:///C:/Users/Viru/Desktop/Projects/Z_DS-Algo_BDD_change/src/test/resources/Features/FArrayPage.feature:20)\r\n"},"stage":"finished","steps":[{"name":"Given  The user is on the \"Array\" after logged in","status":"passed","statusDetails":{"known":false,"muted":false,"flaky":false},"stage":"finished","steps":[],"attachments":[],"parameters":[],"start":1688959750118,"stop":1688959750693},{"name":"When  The user clicks \"Basic Operations in Lists\" button","status":"passed","statusDetails":{"known":false,"muted":false,"flaky":false},"stage":"finished","steps":[],"attachments":[],"parameters":[],"start":1688959750694,"stop":1688959751042},{"name":"And  The user clicks tryEditor with a Run button to test on Arraypage","status":"passed","statusDetails":{"known":false,"muted":false,"flaky":false},"stage":"finished","steps":[],"attachments":[],"parameters":[],"start":1688959751051,"stop":1688959751729},{"name":"Then  The user in \"tryEditor\" page","status":"failed","statusDetails":{"known":false,"muted":false,"flaky":false,"message":"expected [true] but found [false]","trace":"java.lang.AssertionError: expected [true] but found [false]\r\n\tat org.testng.Assert.fail(Assert.java:111)\r\n\tat org.testng.Assert.failNotEquals(Assert.java:1578)\r\n\tat org.testng.Assert.assertTrue(Assert.java:57)\r\n\tat org.testng.Assert.assertTrue(Assert.java:67)\r\n\tat dsAlgo_StepDefinition.HStackPage_SD.the_user_in_page(HStackPage_SD.java:71)\r\n\tat ✽.The user in \"tryEditor\" page(file:///C:/Users/Viru/Desktop/Projects/Z_DS-Algo_BDD_change/src/test/resources/Features/FArrayPage.feature:20)\r\n"},"stage":"finished","steps":[],"attachments":[],"parameters":[],"start":1688959751735,"stop":1688959751760}],"attachments":[],"parameters":[{"name":"options","value":"Basic Operations in Lists"}],"start":1688959750117,"stop":1688959752044}