{"uuid":"b1a2af1b-2b40-4456-9afa-3789737503b0","historyId":"6701b5e643d4f87e1f2897c9cab0502a","fullName":"Test Array page: The user is able to navigate to all options in array page","labels":[{"name":"tag","value":"ArrayTest"},{"name":"tag","value":"Tag"},{"name":"host","value":"DESKTOP-89HMT6O"},{"name":"thread","value":"6652@DESKTOP-89HMT6O.main(1)"},{"name":"feature","value":"Test Array page"},{"name":"story","value":"The user is able to navigate to all options in array page"},{"name":"suite","value":"Test Array page"},{"name":"testClass","value":"The user is able to navigate to all options in array page"},{"name":"framework","value":"cucumber4jvm"},{"name":"language","value":"java"},{"name":"gherkin_uri","value":"file:///C:/Users/Viru/Desktop/Projects/Z_DS-Algo_BDD_change/src/test/resources/Features/FArrayPage.feature"},{"name":"package","value":"src.test.resources.Features.FArrayPage_feature.Test Array page"}],"links":[],"name":"The user is able to navigate to all options in array page","status":"failed","statusDetails":{"known":false,"muted":false,"flaky":false,"message":"expected [Array] but found [NumpyNinja]","trace":"java.lang.AssertionError: expected [Array] but found [NumpyNinja]\r\n\tat org.testng.Assert.fail(Assert.java:111)\r\n\tat org.testng.Assert.failNotEquals(Assert.java:1578)\r\n\tat org.testng.Assert.assertEqualsImpl(Assert.java:150)\r\n\tat org.testng.Assert.assertEquals(Assert.java:132)\r\n\tat org.testng.Assert.assertEquals(Assert.java:656)\r\n\tat org.testng.Assert.assertEquals(Assert.java:666)\r\n\tat dsAlgo_StepDefinition.FArrayPage_SD.the_user_is_on_the_after_logged_in(FArrayPage_SD.java:35)\r\n\tat ✽.The user is on the \"Array\" after logged in(file:///C:/Users/Viru/Desktop/Projects/Z_DS-Algo_BDD_change/src/test/resources/Features/FArrayPage.feature:6)\r\n"},"stage":"finished","steps":[{"name":"Given  The user is on the \"Array\" after logged in","status":"failed","statusDetails":{"known":false,"muted":false,"flaky":false,"message":"expected [Array] but found [NumpyNinja]","trace":"java.lang.AssertionError: expected [Array] but found [NumpyNinja]\r\n\tat org.testng.Assert.fail(Assert.java:111)\r\n\tat org.testng.Assert.failNotEquals(Assert.java:1578)\r\n\tat org.testng.Assert.assertEqualsImpl(Assert.java:150)\r\n\tat org.testng.Assert.assertEquals(Assert.java:132)\r\n\tat org.testng.Assert.assertEquals(Assert.java:656)\r\n\tat org.testng.Assert.assertEquals(Assert.java:666)\r\n\tat dsAlgo_StepDefinition.FArrayPage_SD.the_user_is_on_the_after_logged_in(FArrayPage_SD.java:35)\r\n\tat ✽.The user is on the \"Array\" after logged in(file:///C:/Users/Viru/Desktop/Projects/Z_DS-Algo_BDD_change/src/test/resources/Features/FArrayPage.feature:6)\r\n"},"stage":"finished","steps":[],"attachments":[],"parameters":[],"start":1688576152114,"stop":1688576152178},{"name":"When  The user clicks \"Arrays in Python\" button","status":"skipped","statusDetails":{"known":false,"muted":false,"flaky":false},"stage":"finished","steps":[],"attachments":[],"parameters":[],"start":1688576152457,"stop":1688576152462},{"name":"Then  The user in  \"Arrays in Python\" page","status":"skipped","statusDetails":{"known":false,"muted":false,"flaky":false},"stage":"finished","steps":[],"attachments":[],"parameters":[],"start":1688576152471,"stop":1688576152473}],"attachments":[],"parameters":[],"start":1688576152105,"stop":1688576152479}