{"uuid":"c84ced72-fe67-44dd-8f06-210abeffe51e","historyId":"4d0ec0373e0c6001b3349a1453f5c58e","fullName":"Test Array page: The user is able run code in tryEditor","labels":[{"name":"tag","value":"ArrayTest"},{"name":"host","value":"DESKTOP-89HMT6O"},{"name":"thread","value":"18704@DESKTOP-89HMT6O.main(1)"},{"name":"feature","value":"Test Array page"},{"name":"story","value":"The user is able run code in tryEditor"},{"name":"suite","value":"Test Array page"},{"name":"testClass","value":"The user is able run code in tryEditor"},{"name":"framework","value":"cucumber4jvm"},{"name":"language","value":"java"},{"name":"gherkin_uri","value":"file:///C:/Users/Viru/Desktop/Projects/DsAlgo_Final-master/src/test/resources/Features/FArrayPage.feature"},{"name":"package","value":"src.test.resources.Features.FArrayPage_feature.Test Array page"}],"links":[],"name":"The user is able run code in tryEditor","status":"broken","statusDetails":{"known":false,"muted":false,"flaky":false,"message":"Expected condition failed: waiting for visibility of [[ChromeDriver: chrome on windows (c8bdf10de4c1b3ba8b520e7ab4ddaf3c)] -> xpath: //*[@id='answer_form']/div/div/div[1]/textarea] (tried for 5 second(s) with 500 milliseconds interval)\nBuild info: version: '4.9.1', revision: 'eb2032df7f'\nSystem info: os.name: 'Windows 11', os.arch: 'amd64', os.version: '10.0', java.version: '17.0.7'\nDriver info: org.openqa.selenium.chrome.ChromeDriver\nCapabilities {acceptInsecureCerts: false, browserName: chrome, browserVersion: 114.0.5735.199, chrome: {chromedriverVersion: 114.0.5735.90 (386bc09e8f4f..., userDataDir: C:\\Users\\Viru\\AppData\\Local...}, goog:chromeOptions: {debuggerAddress: localhost:56900}, networkConnectionEnabled: false, pageLoadStrategy: normal, platformName: windows, proxy: Proxy(), se:cdp: ws://localhost:56900/devtoo..., se:cdpVersion: 114.0.5735.199, setWindowRect: true, strictFileInteractability: false, timeouts: {implicit: 0, pageLoad: 300000, script: 30000}, unhandledPromptBehavior: dismiss and notify, webauthn:extension:credBlob: true, webauthn:extension:largeBlob: true, webauthn:extension:minPinLength: true, webauthn:extension:prf: true, webauthn:virtualAuthenticators: true}\nSession ID: c8bdf10de4c1b3ba8b520e7ab4ddaf3c","trace":"org.openqa.selenium.TimeoutException: Expected condition failed: waiting for visibility of [[ChromeDriver: chrome on windows (c8bdf10de4c1b3ba8b520e7ab4ddaf3c)] -> xpath: //*[@id='answer_form']/div/div/div[1]/textarea] (tried for 5 second(s) with 500 milliseconds interval)\nBuild info: version: '4.9.1', revision: 'eb2032df7f'\nSystem info: os.name: 'Windows 11', os.arch: 'amd64', os.version: '10.0', java.version: '17.0.7'\nDriver info: org.openqa.selenium.chrome.ChromeDriver\nCapabilities {acceptInsecureCerts: false, browserName: chrome, browserVersion: 114.0.5735.199, chrome: {chromedriverVersion: 114.0.5735.90 (386bc09e8f4f..., userDataDir: C:\\Users\\Viru\\AppData\\Local...}, goog:chromeOptions: {debuggerAddress: localhost:56900}, networkConnectionEnabled: false, pageLoadStrategy: normal, platformName: windows, proxy: Proxy(), se:cdp: ws://localhost:56900/devtoo..., se:cdpVersion: 114.0.5735.199, setWindowRect: true, strictFileInteractability: false, timeouts: {implicit: 0, pageLoad: 300000, script: 30000}, unhandledPromptBehavior: dismiss and notify, webauthn:extension:credBlob: true, webauthn:extension:largeBlob: true, webauthn:extension:minPinLength: true, webauthn:extension:prf: true, webauthn:virtualAuthenticators: true}\nSession ID: c8bdf10de4c1b3ba8b520e7ab4ddaf3c\r\n\tat org.openqa.selenium.support.ui.WebDriverWait.timeoutException(WebDriverWait.java:87)\r\n\tat org.openqa.selenium.support.ui.FluentWait.until(FluentWait.java:231)\r\n\tat dsAlgo_Utilities.PageUtils.implicit_wait(PageUtils.java:31)\r\n\tat dsAlgo_PageObject.FArrayPage.enter_code(FArrayPage.java:57)\r\n\tat dsAlgo_StepDefinition.FArrayPage_SD.the_user_enter_valid_python_code_in_try_editor_from_sheet_and(FArrayPage_SD.java:65)\r\n\tat ✽.The user enter valid python code in tryEditor from sheet \"array\" and 0(file:///C:/Users/Viru/Desktop/Projects/DsAlgo_Final-master/src/test/resources/Features/FArrayPage.feature:30)\r\n"},"stage":"finished","steps":[{"name":"Given  The user is in a \"Applications of Array\" page having an tryEditor with a Run button to test","status":"passed","statusDetails":{"known":false,"muted":false,"flaky":false},"stage":"finished","steps":[],"attachments":[],"parameters":[],"start":1689192479061,"stop":1689192480606},{"name":"When  The user enter valid python code in tryEditor from sheet \"array\" and 0","status":"broken","statusDetails":{"known":false,"muted":false,"flaky":false,"message":"Expected condition failed: waiting for visibility of [[ChromeDriver: chrome on windows (c8bdf10de4c1b3ba8b520e7ab4ddaf3c)] -> xpath: //*[@id='answer_form']/div/div/div[1]/textarea] (tried for 5 second(s) with 500 milliseconds interval)\nBuild info: version: '4.9.1', revision: 'eb2032df7f'\nSystem info: os.name: 'Windows 11', os.arch: 'amd64', os.version: '10.0', java.version: '17.0.7'\nDriver info: org.openqa.selenium.chrome.ChromeDriver\nCapabilities {acceptInsecureCerts: false, browserName: chrome, browserVersion: 114.0.5735.199, chrome: {chromedriverVersion: 114.0.5735.90 (386bc09e8f4f..., userDataDir: C:\\Users\\Viru\\AppData\\Local...}, goog:chromeOptions: {debuggerAddress: localhost:56900}, networkConnectionEnabled: false, pageLoadStrategy: normal, platformName: windows, proxy: Proxy(), se:cdp: ws://localhost:56900/devtoo..., se:cdpVersion: 114.0.5735.199, setWindowRect: true, strictFileInteractability: false, timeouts: {implicit: 0, pageLoad: 300000, script: 30000}, unhandledPromptBehavior: dismiss and notify, webauthn:extension:credBlob: true, webauthn:extension:largeBlob: true, webauthn:extension:minPinLength: true, webauthn:extension:prf: true, webauthn:virtualAuthenticators: true}\nSession ID: c8bdf10de4c1b3ba8b520e7ab4ddaf3c","trace":"org.openqa.selenium.TimeoutException: Expected condition failed: waiting for visibility of [[ChromeDriver: chrome on windows (c8bdf10de4c1b3ba8b520e7ab4ddaf3c)] -> xpath: //*[@id='answer_form']/div/div/div[1]/textarea] (tried for 5 second(s) with 500 milliseconds interval)\nBuild info: version: '4.9.1', revision: 'eb2032df7f'\nSystem info: os.name: 'Windows 11', os.arch: 'amd64', os.version: '10.0', java.version: '17.0.7'\nDriver info: org.openqa.selenium.chrome.ChromeDriver\nCapabilities {acceptInsecureCerts: false, browserName: chrome, browserVersion: 114.0.5735.199, chrome: {chromedriverVersion: 114.0.5735.90 (386bc09e8f4f..., userDataDir: C:\\Users\\Viru\\AppData\\Local...}, goog:chromeOptions: {debuggerAddress: localhost:56900}, networkConnectionEnabled: false, pageLoadStrategy: normal, platformName: windows, proxy: Proxy(), se:cdp: ws://localhost:56900/devtoo..., se:cdpVersion: 114.0.5735.199, setWindowRect: true, strictFileInteractability: false, timeouts: {implicit: 0, pageLoad: 300000, script: 30000}, unhandledPromptBehavior: dismiss and notify, webauthn:extension:credBlob: true, webauthn:extension:largeBlob: true, webauthn:extension:minPinLength: true, webauthn:extension:prf: true, webauthn:virtualAuthenticators: true}\nSession ID: c8bdf10de4c1b3ba8b520e7ab4ddaf3c\r\n\tat org.openqa.selenium.support.ui.WebDriverWait.timeoutException(WebDriverWait.java:87)\r\n\tat org.openqa.selenium.support.ui.FluentWait.until(FluentWait.java:231)\r\n\tat dsAlgo_Utilities.PageUtils.implicit_wait(PageUtils.java:31)\r\n\tat dsAlgo_PageObject.FArrayPage.enter_code(FArrayPage.java:57)\r\n\tat dsAlgo_StepDefinition.FArrayPage_SD.the_user_enter_valid_python_code_in_try_editor_from_sheet_and(FArrayPage_SD.java:65)\r\n\tat ✽.The user enter valid python code in tryEditor from sheet \"array\" and 0(file:///C:/Users/Viru/Desktop/Projects/DsAlgo_Final-master/src/test/resources/Features/FArrayPage.feature:30)\r\n"},"stage":"finished","steps":[],"attachments":[],"parameters":[],"start":1689192480608,"stop":1689192485844},{"name":"And  The user clicks on run button","status":"skipped","statusDetails":{"known":false,"muted":false,"flaky":false},"stage":"finished","steps":[],"attachments":[],"parameters":[],"start":1689192486002,"stop":1689192486006},{"name":"Then  The user should be presented with Run result","status":"skipped","statusDetails":{"known":false,"muted":false,"flaky":false},"stage":"finished","steps":[],"attachments":[],"parameters":[],"start":1689192486008,"stop":1689192486009}],"attachments":[],"parameters":[{"name":"options","value":"Applications of Array"},{"name":"Sheetname","value":"array"},{"name":"RowNumber","value":"0"}],"start":1689192479061,"stop":1689192486010}